#
# There is insufficient memory for the Java Runtime Environment to continue.
# Native memory allocation (malloc) failed to allocate 359760 bytes for Chunk::new
# Possible reasons:
#   The system is out of physical RAM or swap space
#   The process is running with CompressedOops enabled, and the Java Heap may be blocking the growth of the native heap
# Possible solutions:
#   Reduce memory load on the system
#   Increase physical memory or swap space
#   Check if swap backing store is full
#   Decrease Java heap size (-Xmx/-Xms)
#   Decrease number of Java threads
#   Decrease Java thread stack sizes (-Xss)
#   Set larger code cache with -XX:ReservedCodeCacheSize=
#   JVM is running with Unscaled Compressed Oops mode in which the Java heap is
#     placed in the first 4GB address space. The Java Heap base address is the
#     maximum limit for the native heap growth. Please use -XX:HeapBaseMinAddress
#     to set the Java Heap base and to place the Java Heap above 4GB virtual address.
# This output file may be truncated or incomplete.
#
#  Out of Memory Error (arena.cpp:189), pid=21908, tid=24472
#
# JRE version: Java(TM) SE Runtime Environment (17.0.12+8) (build 17.0.12+8-LTS-286)
# Java VM: Java HotSpot(TM) 64-Bit Server VM (17.0.12+8-LTS-286, mixed mode, sharing, tiered, compressed oops, compressed class ptrs, g1 gc, windows-amd64)
# No core dump will be written. Minidumps are not enabled by default on client versions of Windows
#

---------------  S U M M A R Y ------------

Command Line: -javaagent:C:\Program Files\JetBrains\IntelliJ IDEA Community Edition 2024.3.5\lib\idea_rt.jar=63553 -Dfile.encoding=UTF-8 com.G_des_badges.demande_des_badges.DemandeDesBadgesApplication

Host: Intel(R) Core(TM) i5-7300U CPU @ 2.60GHz, 4 cores, 7G,  Windows 11 , 64 bit Build 22000 (10.0.22000.2538)
Time: Mon May 12 21:17:30 2025 Morocco Daylight Time elapsed time: 5.468042 seconds (0d 0h 0m 5s)

---------------  T H R E A D  ---------------

Current thread (0x0000029186ea6d30):  JavaThread "C2 CompilerThread1" daemon [_thread_in_native, id=24472, stack(0x000000d09bc00000,0x000000d09bd00000)]


Current CompileTask:
C2:   5468 1714 % !   4       java.util.concurrent.ConcurrentHashMap::transfer @ 96 (849 bytes)

Stack: [0x000000d09bc00000,0x000000d09bd00000]
Native frames: (J=compiled Java code, j=interpreted, Vv=VM code, C=native code)
V  [jvm.dll+0x67a04a]
V  [jvm.dll+0x7da4ed]
V  [jvm.dll+0x7dbe33]
V  [jvm.dll+0x7dc4a3]
V  [jvm.dll+0x24508f]
V  [jvm.dll+0xab773]
V  [jvm.dll+0xabd3c]
V  [jvm.dll+0x361bee]
V  [jvm.dll+0x32c431]
V  [jvm.dll+0x32b8ca]
V  [jvm.dll+0x21683f]
V  [jvm.dll+0x215c6f]
V  [jvm.dll+0x1a2960]
V  [jvm.dll+0x22610b]
V  [jvm.dll+0x2242ab]
V  [jvm.dll+0x79075c]
V  [jvm.dll+0x78abea]
V  [jvm.dll+0x678f35]
C  [ucrtbase.dll+0x26c0c]
C  [KERNEL32.DLL+0x153e0]
C  [ntdll.dll+0x485b]


---------------  P R O C E S S  ---------------

Threads class SMR info:
_java_thread_list=0x0000029186cd8480, length=15, elements={
0x00000291231fb980, 0x0000029140a7e100, 0x0000029140a7f520, 0x0000029140a92d10,
0x0000029140a936d0, 0x0000029140a94090, 0x0000029140a94a50, 0x0000029140a96800,
0x0000029140a982f0, 0x0000029140b08bc0, 0x0000029186079100, 0x00000291861cafa0,
0x00000291861cb480, 0x0000029186cfb200, 0x0000029186ea6d30
}
_to_delete_list=0x0000029186d0cbd0, length=14, elements={
0x00000291231fb980, 0x0000029140a7e100, 0x0000029140a7f520, 0x0000029140a92d10,
0x0000029140a936d0, 0x0000029140a94090, 0x0000029140a94a50, 0x0000029140a96800,
0x0000029140a982f0, 0x0000029140b08bc0, 0x0000029186079100, 0x00000291861cafa0,
0x00000291861cb480, 0x0000029186cfb200
}

Java Threads: ( => current thread )
  0x00000291231fb980 JavaThread "main" [_thread_in_vm, id=3804, stack(0x000000d09a400000,0x000000d09a500000)]
  0x0000029140a7e100 JavaThread "Reference Handler" daemon [_thread_blocked, id=7644, stack(0x000000d09ab00000,0x000000d09ac00000)]
  0x0000029140a7f520 JavaThread "Finalizer" daemon [_thread_blocked, id=9144, stack(0x000000d09ac00000,0x000000d09ad00000)]
  0x0000029140a92d10 JavaThread "Signal Dispatcher" daemon [_thread_blocked, id=3348, stack(0x000000d09ad00000,0x000000d09ae00000)]
  0x0000029140a936d0 JavaThread "Attach Listener" daemon [_thread_blocked, id=17068, stack(0x000000d09ae00000,0x000000d09af00000)]
  0x0000029140a94090 JavaThread "Service Thread" daemon [_thread_blocked, id=20328, stack(0x000000d09af00000,0x000000d09b000000)]
  0x0000029140a94a50 JavaThread "Monitor Deflation Thread" daemon [_thread_blocked, id=10784, stack(0x000000d09b000000,0x000000d09b100000)]
  0x0000029140a96800 JavaThread "C2 CompilerThread0" daemon [_thread_blocked, id=19724, stack(0x000000d09b100000,0x000000d09b200000)]
  0x0000029140a982f0 JavaThread "C1 CompilerThread0" daemon [_thread_blocked, id=9744, stack(0x000000d09b200000,0x000000d09b300000)]
  0x0000029140b08bc0 JavaThread "Sweeper thread" daemon [_thread_blocked, id=16404, stack(0x000000d09b300000,0x000000d09b400000)]
  0x0000029186079100 JavaThread "Common-Cleaner" daemon [_thread_blocked, id=8760, stack(0x000000d09b400000,0x000000d09b500000)]
  0x00000291861cafa0 JavaThread "Monitor Ctrl-Break" daemon [_thread_in_native, id=8772, stack(0x000000d09b500000,0x000000d09b600000)]
  0x00000291861cb480 JavaThread "Notification Thread" daemon [_thread_blocked, id=16436, stack(0x000000d09b600000,0x000000d09b700000)]
  0x0000029186cfb200 JavaThread "background-preinit" [_thread_in_vm, id=2992, stack(0x000000d09bb00000,0x000000d09bc00000)]
=>0x0000029186ea6d30 JavaThread "C2 CompilerThread1" daemon [_thread_in_native, id=24472, stack(0x000000d09bc00000,0x000000d09bd00000)]

Other Threads:
  0x0000029140a79e60 VMThread "VM Thread" [stack: 0x000000d09aa00000,0x000000d09ab00000] [id=8072]
  0x00000291861cbd70 WatcherThread [stack: 0x000000d09b700000,0x000000d09b800000] [id=1632]
  0x0000029123257750 GCTaskThread "GC Thread#0" [stack: 0x000000d09a500000,0x000000d09a600000] [id=11520]
  0x0000029186896ca0 GCTaskThread "GC Thread#1" [stack: 0x000000d09b800000,0x000000d09b900000] [id=3420]
  0x00000291867efa80 GCTaskThread "GC Thread#2" [stack: 0x000000d09b900000,0x000000d09ba00000] [id=12496]
  0x0000029186a97a90 GCTaskThread "GC Thread#3" [stack: 0x000000d09ba00000,0x000000d09bb00000] [id=2612]
  0x0000029123269330 ConcurrentGCThread "G1 Main Marker" [stack: 0x000000d09a600000,0x000000d09a700000] [id=2548]
  0x0000029123269d40 ConcurrentGCThread "G1 Conc#0" [stack: 0x000000d09a700000,0x000000d09a800000] [id=25444]
  0x00000291232ceae0 ConcurrentGCThread "G1 Refine#0" [stack: 0x000000d09a800000,0x000000d09a900000] [id=23636]
  0x0000029140936610 ConcurrentGCThread "G1 Service" [stack: 0x000000d09a900000,0x000000d09aa00000] [id=17724]

Threads with active compile tasks:
C2 CompilerThread1     5503 1714 % !   4       java.util.concurrent.ConcurrentHashMap::transfer @ 96 (849 bytes)

VM state: not at safepoint (normal execution)

VM Mutex/Monitor currently owned by a thread: None

Heap address: 0x0000000081c00000, size: 2020 MB, Compressed Oops mode: 32-bit

CDS archive(s) mapped at: [0x0000029141000000-0x0000029141bd0000-0x0000029141bd0000), size 12386304, SharedBaseAddress: 0x0000029141000000, ArchiveRelocationMode: 1.
Compressed class space mapped at: 0x0000029142000000-0x0000029182000000, reserved size: 1073741824
Narrow klass base: 0x0000029141000000, Narrow klass shift: 0, Narrow klass range: 0x100000000

GC Precious Log:
 CPUs: 4 total, 4 available
 Memory: 8072M
 Large Page Support: Disabled
 NUMA Support: Disabled
 Compressed Oops: Enabled (32-bit)
 Heap Region Size: 1M
 Heap Min Capacity: 8M
 Heap Initial Capacity: 128M
 Heap Max Capacity: 2020M
 Pre-touch: Disabled
 Parallel Workers: 4
 Concurrent Workers: 1
 Concurrent Refinement Workers: 4
 Periodic GC: Disabled

Heap:
 garbage-first heap   total 131072K, used 24634K [0x0000000081c00000, 0x0000000100000000)
  region size 1024K, 19 young (19456K), 1 survivors (1024K)
 Metaspace       used 11173K, committed 11520K, reserved 1114112K
  class space    used 1372K, committed 1536K, reserved 1048576K

Heap Regions: E=young(eden), S=young(survivor), O=old, HS=humongous(starts), HC=humongous(continues), CS=collection set, F=free, OA=open archive, CA=closed archive, TAMS=top-at-mark-start (previous, next)
|   0|0x0000000081c00000, 0x0000000081d00000, 0x0000000081d00000|100%|HS|  |TAMS 0x0000000081c00000, 0x0000000081c00000| Complete 
|   1|0x0000000081d00000, 0x0000000081e00000, 0x0000000081e00000|100%|HS|  |TAMS 0x0000000081d00000, 0x0000000081d00000| Complete 
|   2|0x0000000081e00000, 0x0000000081f00000, 0x0000000081f00000|100%| O|  |TAMS 0x0000000081e00000, 0x0000000081e00000| Untracked 
|   3|0x0000000081f00000, 0x0000000082000000, 0x0000000082000000|100%| O|  |TAMS 0x0000000081f00000, 0x0000000081f00000| Untracked 
|   4|0x0000000082000000, 0x0000000082100000, 0x0000000082100000|100%| O|  |TAMS 0x0000000082000000, 0x0000000082000000| Untracked 
|   5|0x0000000082100000, 0x0000000082200000, 0x0000000082200000|100%| O|  |TAMS 0x0000000082100000, 0x0000000082100000| Untracked 
|   6|0x0000000082200000, 0x0000000082300000, 0x0000000082300000|100%| O|  |TAMS 0x0000000082200000, 0x0000000082200000| Untracked 
|   7|0x0000000082300000, 0x0000000082315600, 0x0000000082400000|  8%| O|  |TAMS 0x0000000082300000, 0x0000000082300000| Untracked 
|   8|0x0000000082400000, 0x0000000082400000, 0x0000000082500000|  0%| F|  |TAMS 0x0000000082400000, 0x0000000082400000| Untracked 
|   9|0x0000000082500000, 0x0000000082500000, 0x0000000082600000|  0%| F|  |TAMS 0x0000000082500000, 0x0000000082500000| Untracked 
|  10|0x0000000082600000, 0x0000000082600000, 0x0000000082700000|  0%| F|  |TAMS 0x0000000082600000, 0x0000000082600000| Untracked 
|  11|0x0000000082700000, 0x0000000082700000, 0x0000000082800000|  0%| F|  |TAMS 0x0000000082700000, 0x0000000082700000| Untracked 
|  12|0x0000000082800000, 0x0000000082800000, 0x0000000082900000|  0%| F|  |TAMS 0x0000000082800000, 0x0000000082800000| Untracked 
|  13|0x0000000082900000, 0x0000000082900000, 0x0000000082a00000|  0%| F|  |TAMS 0x0000000082900000, 0x0000000082900000| Untracked 
|  14|0x0000000082a00000, 0x0000000082a00000, 0x0000000082b00000|  0%| F|  |TAMS 0x0000000082a00000, 0x0000000082a00000| Untracked 
|  15|0x0000000082b00000, 0x0000000082b00000, 0x0000000082c00000|  0%| F|  |TAMS 0x0000000082b00000, 0x0000000082b00000| Untracked 
|  16|0x0000000082c00000, 0x0000000082c00000, 0x0000000082d00000|  0%| F|  |TAMS 0x0000000082c00000, 0x0000000082c00000| Untracked 
|  17|0x0000000082d00000, 0x0000000082d00000, 0x0000000082e00000|  0%| F|  |TAMS 0x0000000082d00000, 0x0000000082d00000| Untracked 
|  18|0x0000000082e00000, 0x0000000082e00000, 0x0000000082f00000|  0%| F|  |TAMS 0x0000000082e00000, 0x0000000082e00000| Untracked 
|  19|0x0000000082f00000, 0x0000000082f00000, 0x0000000083000000|  0%| F|  |TAMS 0x0000000082f00000, 0x0000000082f00000| Untracked 
|  20|0x0000000083000000, 0x0000000083000000, 0x0000000083100000|  0%| F|  |TAMS 0x0000000083000000, 0x0000000083000000| Untracked 
|  21|0x0000000083100000, 0x0000000083100000, 0x0000000083200000|  0%| F|  |TAMS 0x0000000083100000, 0x0000000083100000| Untracked 
|  22|0x0000000083200000, 0x0000000083200000, 0x0000000083300000|  0%| F|  |TAMS 0x0000000083200000, 0x0000000083200000| Untracked 
|  23|0x0000000083300000, 0x0000000083300000, 0x0000000083400000|  0%| F|  |TAMS 0x0000000083300000, 0x0000000083300000| Untracked 
|  24|0x0000000083400000, 0x0000000083400000, 0x0000000083500000|  0%| F|  |TAMS 0x0000000083400000, 0x0000000083400000| Untracked 
|  25|0x0000000083500000, 0x0000000083500000, 0x0000000083600000|  0%| F|  |TAMS 0x0000000083500000, 0x0000000083500000| Untracked 
|  26|0x0000000083600000, 0x0000000083600000, 0x0000000083700000|  0%| F|  |TAMS 0x0000000083600000, 0x0000000083600000| Untracked 
|  27|0x0000000083700000, 0x0000000083700000, 0x0000000083800000|  0%| F|  |TAMS 0x0000000083700000, 0x0000000083700000| Untracked 
|  28|0x0000000083800000, 0x0000000083800000, 0x0000000083900000|  0%| F|  |TAMS 0x0000000083800000, 0x0000000083800000| Untracked 
|  29|0x0000000083900000, 0x0000000083900000, 0x0000000083a00000|  0%| F|  |TAMS 0x0000000083900000, 0x0000000083900000| Untracked 
|  30|0x0000000083a00000, 0x0000000083a00000, 0x0000000083b00000|  0%| F|  |TAMS 0x0000000083a00000, 0x0000000083a00000| Untracked 
|  31|0x0000000083b00000, 0x0000000083b00000, 0x0000000083c00000|  0%| F|  |TAMS 0x0000000083b00000, 0x0000000083b00000| Untracked 
|  32|0x0000000083c00000, 0x0000000083c00000, 0x0000000083d00000|  0%| F|  |TAMS 0x0000000083c00000, 0x0000000083c00000| Untracked 
|  33|0x0000000083d00000, 0x0000000083d00000, 0x0000000083e00000|  0%| F|  |TAMS 0x0000000083d00000, 0x0000000083d00000| Untracked 
|  34|0x0000000083e00000, 0x0000000083e00000, 0x0000000083f00000|  0%| F|  |TAMS 0x0000000083e00000, 0x0000000083e00000| Untracked 
|  35|0x0000000083f00000, 0x0000000083f00000, 0x0000000084000000|  0%| F|  |TAMS 0x0000000083f00000, 0x0000000083f00000| Untracked 
|  36|0x0000000084000000, 0x0000000084000000, 0x0000000084100000|  0%| F|  |TAMS 0x0000000084000000, 0x0000000084000000| Untracked 
|  37|0x0000000084100000, 0x0000000084100000, 0x0000000084200000|  0%| F|  |TAMS 0x0000000084100000, 0x0000000084100000| Untracked 
|  38|0x0000000084200000, 0x0000000084200000, 0x0000000084300000|  0%| F|  |TAMS 0x0000000084200000, 0x0000000084200000| Untracked 
|  39|0x0000000084300000, 0x0000000084300000, 0x0000000084400000|  0%| F|  |TAMS 0x0000000084300000, 0x0000000084300000| Untracked 
|  40|0x0000000084400000, 0x0000000084400000, 0x0000000084500000|  0%| F|  |TAMS 0x0000000084400000, 0x0000000084400000| Untracked 
|  41|0x0000000084500000, 0x0000000084500000, 0x0000000084600000|  0%| F|  |TAMS 0x0000000084500000, 0x0000000084500000| Untracked 
|  42|0x0000000084600000, 0x0000000084600000, 0x0000000084700000|  0%| F|  |TAMS 0x0000000084600000, 0x0000000084600000| Untracked 
|  43|0x0000000084700000, 0x0000000084700000, 0x0000000084800000|  0%| F|  |TAMS 0x0000000084700000, 0x0000000084700000| Untracked 
|  44|0x0000000084800000, 0x0000000084800000, 0x0000000084900000|  0%| F|  |TAMS 0x0000000084800000, 0x0000000084800000| Untracked 
|  45|0x0000000084900000, 0x0000000084900000, 0x0000000084a00000|  0%| F|  |TAMS 0x0000000084900000, 0x0000000084900000| Untracked 
|  46|0x0000000084a00000, 0x0000000084a00000, 0x0000000084b00000|  0%| F|  |TAMS 0x0000000084a00000, 0x0000000084a00000| Untracked 
|  47|0x0000000084b00000, 0x0000000084b00000, 0x0000000084c00000|  0%| F|  |TAMS 0x0000000084b00000, 0x0000000084b00000| Untracked 
|  48|0x0000000084c00000, 0x0000000084c00000, 0x0000000084d00000|  0%| F|  |TAMS 0x0000000084c00000, 0x0000000084c00000| Untracked 
|  49|0x0000000084d00000, 0x0000000084d00000, 0x0000000084e00000|  0%| F|  |TAMS 0x0000000084d00000, 0x0000000084d00000| Untracked 
|  50|0x0000000084e00000, 0x0000000084e00000, 0x0000000084f00000|  0%| F|  |TAMS 0x0000000084e00000, 0x0000000084e00000| Untracked 
|  51|0x0000000084f00000, 0x0000000084f00000, 0x0000000085000000|  0%| F|  |TAMS 0x0000000084f00000, 0x0000000084f00000| Untracked 
|  52|0x0000000085000000, 0x0000000085000000, 0x0000000085100000|  0%| F|  |TAMS 0x0000000085000000, 0x0000000085000000| Untracked 
|  53|0x0000000085100000, 0x0000000085100000, 0x0000000085200000|  0%| F|  |TAMS 0x0000000085100000, 0x0000000085100000| Untracked 
|  54|0x0000000085200000, 0x0000000085200000, 0x0000000085300000|  0%| F|  |TAMS 0x0000000085200000, 0x0000000085200000| Untracked 
|  55|0x0000000085300000, 0x0000000085300000, 0x0000000085400000|  0%| F|  |TAMS 0x0000000085300000, 0x0000000085300000| Untracked 
|  56|0x0000000085400000, 0x0000000085400000, 0x0000000085500000|  0%| F|  |TAMS 0x0000000085400000, 0x0000000085400000| Untracked 
|  57|0x0000000085500000, 0x0000000085500000, 0x0000000085600000|  0%| F|  |TAMS 0x0000000085500000, 0x0000000085500000| Untracked 
|  58|0x0000000085600000, 0x0000000085600000, 0x0000000085700000|  0%| F|  |TAMS 0x0000000085600000, 0x0000000085600000| Untracked 
|  59|0x0000000085700000, 0x0000000085700000, 0x0000000085800000|  0%| F|  |TAMS 0x0000000085700000, 0x0000000085700000| Untracked 
|  60|0x0000000085800000, 0x0000000085800000, 0x0000000085900000|  0%| F|  |TAMS 0x0000000085800000, 0x0000000085800000| Untracked 
|  61|0x0000000085900000, 0x0000000085900000, 0x0000000085a00000|  0%| F|  |TAMS 0x0000000085900000, 0x0000000085900000| Untracked 
|  62|0x0000000085a00000, 0x0000000085a00000, 0x0000000085b00000|  0%| F|  |TAMS 0x0000000085a00000, 0x0000000085a00000| Untracked 
|  63|0x0000000085b00000, 0x0000000085b00000, 0x0000000085c00000|  0%| F|  |TAMS 0x0000000085b00000, 0x0000000085b00000| Untracked 
|  64|0x0000000085c00000, 0x0000000085c00000, 0x0000000085d00000|  0%| F|  |TAMS 0x0000000085c00000, 0x0000000085c00000| Untracked 
|  65|0x0000000085d00000, 0x0000000085d00000, 0x0000000085e00000|  0%| F|  |TAMS 0x0000000085d00000, 0x0000000085d00000| Untracked 
|  66|0x0000000085e00000, 0x0000000085e00000, 0x0000000085f00000|  0%| F|  |TAMS 0x0000000085e00000, 0x0000000085e00000| Untracked 
|  67|0x0000000085f00000, 0x0000000085f00000, 0x0000000086000000|  0%| F|  |TAMS 0x0000000085f00000, 0x0000000085f00000| Untracked 
|  68|0x0000000086000000, 0x0000000086000000, 0x0000000086100000|  0%| F|  |TAMS 0x0000000086000000, 0x0000000086000000| Untracked 
|  69|0x0000000086100000, 0x0000000086100000, 0x0000000086200000|  0%| F|  |TAMS 0x0000000086100000, 0x0000000086100000| Untracked 
|  70|0x0000000086200000, 0x0000000086200000, 0x0000000086300000|  0%| F|  |TAMS 0x0000000086200000, 0x0000000086200000| Untracked 
|  71|0x0000000086300000, 0x0000000086300000, 0x0000000086400000|  0%| F|  |TAMS 0x0000000086300000, 0x0000000086300000| Untracked 
|  72|0x0000000086400000, 0x0000000086400000, 0x0000000086500000|  0%| F|  |TAMS 0x0000000086400000, 0x0000000086400000| Untracked 
|  73|0x0000000086500000, 0x0000000086500000, 0x0000000086600000|  0%| F|  |TAMS 0x0000000086500000, 0x0000000086500000| Untracked 
|  74|0x0000000086600000, 0x0000000086600000, 0x0000000086700000|  0%| F|  |TAMS 0x0000000086600000, 0x0000000086600000| Untracked 
|  75|0x0000000086700000, 0x0000000086700000, 0x0000000086800000|  0%| F|  |TAMS 0x0000000086700000, 0x0000000086700000| Untracked 
|  76|0x0000000086800000, 0x0000000086800000, 0x0000000086900000|  0%| F|  |TAMS 0x0000000086800000, 0x0000000086800000| Untracked 
|  77|0x0000000086900000, 0x0000000086900000, 0x0000000086a00000|  0%| F|  |TAMS 0x0000000086900000, 0x0000000086900000| Untracked 
|  78|0x0000000086a00000, 0x0000000086a00000, 0x0000000086b00000|  0%| F|  |TAMS 0x0000000086a00000, 0x0000000086a00000| Untracked 
|  79|0x0000000086b00000, 0x0000000086b00000, 0x0000000086c00000|  0%| F|  |TAMS 0x0000000086b00000, 0x0000000086b00000| Untracked 
|  80|0x0000000086c00000, 0x0000000086c00000, 0x0000000086d00000|  0%| F|  |TAMS 0x0000000086c00000, 0x0000000086c00000| Untracked 
|  81|0x0000000086d00000, 0x0000000086d00000, 0x0000000086e00000|  0%| F|  |TAMS 0x0000000086d00000, 0x0000000086d00000| Untracked 
|  82|0x0000000086e00000, 0x0000000086e00000, 0x0000000086f00000|  0%| F|  |TAMS 0x0000000086e00000, 0x0000000086e00000| Untracked 
|  83|0x0000000086f00000, 0x0000000086f00000, 0x0000000087000000|  0%| F|  |TAMS 0x0000000086f00000, 0x0000000086f00000| Untracked 
|  84|0x0000000087000000, 0x0000000087000000, 0x0000000087100000|  0%| F|  |TAMS 0x0000000087000000, 0x0000000087000000| Untracked 
|  85|0x0000000087100000, 0x0000000087100000, 0x0000000087200000|  0%| F|  |TAMS 0x0000000087100000, 0x0000000087100000| Untracked 
|  86|0x0000000087200000, 0x0000000087200000, 0x0000000087300000|  0%| F|  |TAMS 0x0000000087200000, 0x0000000087200000| Untracked 
|  87|0x0000000087300000, 0x0000000087300000, 0x0000000087400000|  0%| F|  |TAMS 0x0000000087300000, 0x0000000087300000| Untracked 
|  88|0x0000000087400000, 0x0000000087400000, 0x0000000087500000|  0%| F|  |TAMS 0x0000000087400000, 0x0000000087400000| Untracked 
|  89|0x0000000087500000, 0x0000000087500000, 0x0000000087600000|  0%| F|  |TAMS 0x0000000087500000, 0x0000000087500000| Untracked 
|  90|0x0000000087600000, 0x0000000087600000, 0x0000000087700000|  0%| F|  |TAMS 0x0000000087600000, 0x0000000087600000| Untracked 
|  91|0x0000000087700000, 0x0000000087700000, 0x0000000087800000|  0%| F|  |TAMS 0x0000000087700000, 0x0000000087700000| Untracked 
|  92|0x0000000087800000, 0x0000000087800000, 0x0000000087900000|  0%| F|  |TAMS 0x0000000087800000, 0x0000000087800000| Untracked 
|  93|0x0000000087900000, 0x0000000087900000, 0x0000000087a00000|  0%| F|  |TAMS 0x0000000087900000, 0x0000000087900000| Untracked 
|  94|0x0000000087a00000, 0x0000000087a00000, 0x0000000087b00000|  0%| F|  |TAMS 0x0000000087a00000, 0x0000000087a00000| Untracked 
|  95|0x0000000087b00000, 0x0000000087b00000, 0x0000000087c00000|  0%| F|  |TAMS 0x0000000087b00000, 0x0000000087b00000| Untracked 
|  96|0x0000000087c00000, 0x0000000087c00000, 0x0000000087d00000|  0%| F|  |TAMS 0x0000000087c00000, 0x0000000087c00000| Untracked 
|  97|0x0000000087d00000, 0x0000000087d00000, 0x0000000087e00000|  0%| F|  |TAMS 0x0000000087d00000, 0x0000000087d00000| Untracked 
|  98|0x0000000087e00000, 0x0000000087e00000, 0x0000000087f00000|  0%| F|  |TAMS 0x0000000087e00000, 0x0000000087e00000| Untracked 
|  99|0x0000000087f00000, 0x0000000087f00000, 0x0000000088000000|  0%| F|  |TAMS 0x0000000087f00000, 0x0000000087f00000| Untracked 
| 100|0x0000000088000000, 0x0000000088000000, 0x0000000088100000|  0%| F|  |TAMS 0x0000000088000000, 0x0000000088000000| Untracked 
| 101|0x0000000088100000, 0x0000000088100000, 0x0000000088200000|  0%| F|  |TAMS 0x0000000088100000, 0x0000000088100000| Untracked 
| 102|0x0000000088200000, 0x0000000088200000, 0x0000000088300000|  0%| F|  |TAMS 0x0000000088200000, 0x0000000088200000| Untracked 
| 103|0x0000000088300000, 0x0000000088300000, 0x0000000088400000|  0%| F|  |TAMS 0x0000000088300000, 0x0000000088300000| Untracked 
| 104|0x0000000088400000, 0x0000000088400000, 0x0000000088500000|  0%| F|  |TAMS 0x0000000088400000, 0x0000000088400000| Untracked 
| 105|0x0000000088500000, 0x0000000088500000, 0x0000000088600000|  0%| F|  |TAMS 0x0000000088500000, 0x0000000088500000| Untracked 
| 106|0x0000000088600000, 0x0000000088600000, 0x0000000088700000|  0%| F|  |TAMS 0x0000000088600000, 0x0000000088600000| Untracked 
| 107|0x0000000088700000, 0x0000000088700000, 0x0000000088800000|  0%| F|  |TAMS 0x0000000088700000, 0x0000000088700000| Untracked 
| 108|0x0000000088800000, 0x0000000088800000, 0x0000000088900000|  0%| F|  |TAMS 0x0000000088800000, 0x0000000088800000| Untracked 
| 109|0x0000000088900000, 0x00000000889911c0, 0x0000000088a00000| 56%| E|  |TAMS 0x0000000088900000, 0x0000000088900000| Complete 
| 110|0x0000000088a00000, 0x0000000088b00000, 0x0000000088b00000|100%| E|CS|TAMS 0x0000000088a00000, 0x0000000088a00000| Complete 
| 111|0x0000000088b00000, 0x0000000088c00000, 0x0000000088c00000|100%| E|CS|TAMS 0x0000000088b00000, 0x0000000088b00000| Complete 
| 112|0x0000000088c00000, 0x0000000088d00000, 0x0000000088d00000|100%| E|CS|TAMS 0x0000000088c00000, 0x0000000088c00000| Complete 
| 113|0x0000000088d00000, 0x0000000088e00000, 0x0000000088e00000|100%| E|CS|TAMS 0x0000000088d00000, 0x0000000088d00000| Complete 
| 114|0x0000000088e00000, 0x0000000088f00000, 0x0000000088f00000|100%| E|CS|TAMS 0x0000000088e00000, 0x0000000088e00000| Complete 
| 115|0x0000000088f00000, 0x0000000089000000, 0x0000000089000000|100%| E|CS|TAMS 0x0000000088f00000, 0x0000000088f00000| Complete 
| 116|0x0000000089000000, 0x00000000890f94d0, 0x0000000089100000| 97%| S|CS|TAMS 0x0000000089000000, 0x0000000089000000| Complete 
| 117|0x0000000089100000, 0x0000000089200000, 0x0000000089200000|100%| E|CS|TAMS 0x0000000089100000, 0x0000000089100000| Complete 
| 118|0x0000000089200000, 0x0000000089300000, 0x0000000089300000|100%| E|CS|TAMS 0x0000000089200000, 0x0000000089200000| Complete 
| 119|0x0000000089300000, 0x0000000089400000, 0x0000000089400000|100%| E|CS|TAMS 0x0000000089300000, 0x0000000089300000| Complete 
| 120|0x0000000089400000, 0x0000000089500000, 0x0000000089500000|100%| E|CS|TAMS 0x0000000089400000, 0x0000000089400000| Complete 
| 121|0x0000000089500000, 0x0000000089600000, 0x0000000089600000|100%| E|CS|TAMS 0x0000000089500000, 0x0000000089500000| Complete 
| 122|0x0000000089600000, 0x0000000089700000, 0x0000000089700000|100%| E|CS|TAMS 0x0000000089600000, 0x0000000089600000| Complete 
| 123|0x0000000089700000, 0x0000000089800000, 0x0000000089800000|100%| E|CS|TAMS 0x0000000089700000, 0x0000000089700000| Complete 
| 124|0x0000000089800000, 0x0000000089900000, 0x0000000089900000|100%| E|CS|TAMS 0x0000000089800000, 0x0000000089800000| Complete 
| 125|0x0000000089900000, 0x0000000089a00000, 0x0000000089a00000|100%| E|CS|TAMS 0x0000000089900000, 0x0000000089900000| Complete 
| 126|0x0000000089a00000, 0x0000000089b00000, 0x0000000089b00000|100%| E|  |TAMS 0x0000000089a00000, 0x0000000089a00000| Complete 
| 127|0x0000000089b00000, 0x0000000089c00000, 0x0000000089c00000|100%| E|CS|TAMS 0x0000000089b00000, 0x0000000089b00000| Complete 

Card table byte_map: [0x0000029139ec0000,0x000002913a2c0000] _byte_map_base: 0x0000029139ab2000

Marking Bits (Prev, Next): (CMBitMap*) 0x0000029123258d80, (CMBitMap*) 0x0000029123258dc0
 Prev Bits: [0x000002913a6c0000, 0x000002913c650000)
 Next Bits: [0x000002913c650000, 0x000002913e5e0000)

Polling page: 0x00000291229d0000

Metaspace:

Usage:
  Non-class:      9.57 MB used.
      Class:      1.34 MB used.
       Both:     10.91 MB used.

Virtual space:
  Non-class space:       64.00 MB reserved,       9.75 MB ( 15%) committed,  1 nodes.
      Class space:        1.00 GB reserved,       1.50 MB ( <1%) committed,  1 nodes.
             Both:        1.06 GB reserved,      11.25 MB (  1%) committed. 

Chunk freelists:
   Non-Class:  5.61 MB
       Class:  14.53 MB
        Both:  20.14 MB

MaxMetaspaceSize: unlimited
CompressedClassSpaceSize: 1.00 GB
Initial GC threshold: 21.00 MB
Current GC threshold: 21.00 MB
CDS: on
MetaspaceReclaimPolicy: balanced
 - commit_granule_bytes: 65536.
 - commit_granule_words: 8192.
 - virtual_space_node_default_size: 8388608.
 - enlarge_chunks_in_place: 1.
 - new_chunks_are_fully_committed: 0.
 - uncommit_free_chunks: 1.
 - use_allocation_guard: 0.
 - handle_deallocations: 1.


Internal statistics:

num_allocs_failed_limit: 0.
num_arena_births: 238.
num_arena_deaths: 0.
num_vsnodes_births: 2.
num_vsnodes_deaths: 0.
num_space_committed: 180.
num_space_uncommitted: 0.
num_chunks_returned_to_freelist: 0.
num_chunks_taken_from_freelist: 610.
num_chunk_merges: 0.
num_chunk_splits: 402.
num_chunks_enlarged: 295.
num_inconsistent_stats: 0.

CodeHeap 'non-profiled nmethods': size=120000Kb used=638Kb max_used=638Kb free=119361Kb
 bounds [0x0000029132590000, 0x0000029132800000, 0x0000029139ac0000]
CodeHeap 'profiled nmethods': size=120000Kb used=3187Kb max_used=3187Kb free=116813Kb
 bounds [0x000002912aac0000, 0x000002912ade0000, 0x0000029131ff0000]
CodeHeap 'non-nmethods': size=5760Kb used=1179Kb max_used=1222Kb free=4580Kb
 bounds [0x0000029131ff0000, 0x0000029132260000, 0x0000029132590000]
 total_blobs=2183 nmethods=1712 adapters=383
 compilation: enabled
              stopped_count=0, restarted_count=0
 full_count=0

Compilation events (20 events):
Event: 5.298 Thread 0x0000029140a982f0 nmethod 1703 0x000002913262dd90 code [0x000002913262df20, 0x000002913262dff8]
Event: 5.298 Thread 0x0000029140a982f0 1702       1       jdk.internal.loader.AbstractClassLoaderValue$Sub::parent (5 bytes)
Event: 5.298 Thread 0x0000029140a982f0 nmethod 1702 0x000002913262e090 code [0x000002913262e220, 0x000002913262e2f8]
Event: 5.300 Thread 0x0000029140a982f0 1705       3       java.lang.reflect.ProxyGenerator::dotToSlash (9 bytes)
Event: 5.300 Thread 0x0000029140a982f0 nmethod 1705 0x000002912adda790 code [0x000002912adda920, 0x000002912addaa48]
Event: 5.301 Thread 0x0000029186ea6d30 1706       4       java.lang.String::regionMatches (150 bytes)
Event: 5.308 Thread 0x0000029140a982f0 1707       3       org.springframework.core.ResolvableType::<init> (47 bytes)
Event: 5.308 Thread 0x0000029186ea6d30 nmethod 1706 0x000002913262e390 code [0x000002913262e540, 0x000002913262ec98]
Event: 5.308 Thread 0x0000029140a982f0 nmethod 1707 0x000002912addab10 code [0x000002912addacc0, 0x000002912addaff8]
Event: 5.308 Thread 0x0000029140a982f0 1708       3       sun.reflect.generics.reflectiveObjects.ParameterizedTypeImpl::getActualTypeArguments (11 bytes)
Event: 5.308 Thread 0x0000029140a982f0 nmethod 1708 0x000002912addb090 code [0x000002912addb240, 0x000002912addb528]
Event: 5.368 Thread 0x0000029140a96800 1710       4       org.springframework.util.ConcurrentReferenceHashMap$Segment::getIndex (7 bytes)
Event: 5.369 Thread 0x0000029140a96800 nmethod 1710 0x000002913262f610 code [0x000002913262f780, 0x000002913262f818]
Event: 5.373 Thread 0x0000029140a982f0 1711       3       java.io.WinNTFileSystem::isSlash (18 bytes)
Event: 5.373 Thread 0x0000029140a982f0 nmethod 1711 0x000002912addb610 code [0x000002912addb7a0, 0x000002912addb938]
Event: 5.377 Thread 0x0000029140a982f0 1712       3       jdk.internal.misc.VM::isModuleSystemInited (13 bytes)
Event: 5.377 Thread 0x0000029140a982f0 nmethod 1712 0x000002912addba10 code [0x000002912addbba0, 0x000002912addbd58]
Event: 5.381 Thread 0x0000029140a982f0 1713       3       java.lang.Class::newReflectionData (66 bytes)
Event: 5.383 Thread 0x0000029140a982f0 nmethod 1713 0x000002912addbe10 code [0x000002912addc020, 0x000002912addc938]
Event: 5.411 Thread 0x0000029186ea6d30 1714 % !   4       java.util.concurrent.ConcurrentHashMap::transfer @ 96 (849 bytes)

GC Heap History (4 events):
Event: 2.968 GC heap before
{Heap before GC invocations=0 (full 0):
 garbage-first heap   total 131072K, used 14336K [0x0000000081c00000, 0x0000000100000000)
  region size 1024K, 13 young (13312K), 0 survivors (0K)
 Metaspace       used 3259K, committed 3456K, reserved 1114112K
  class space    used 338K, committed 448K, reserved 1048576K
}
Event: 3.012 GC heap after
{Heap after GC invocations=1 (full 0):
 garbage-first heap   total 131072K, used 7014K [0x0000000081c00000, 0x0000000100000000)
  region size 1024K, 2 young (2048K), 2 survivors (2048K)
 Metaspace       used 3259K, committed 3456K, reserved 1114112K
  class space    used 338K, committed 448K, reserved 1048576K
}
Event: 4.150 GC heap before
{Heap before GC invocations=1 (full 0):
 garbage-first heap   total 131072K, used 17254K [0x0000000081c00000, 0x0000000100000000)
  region size 1024K, 13 young (13312K), 2 survivors (2048K)
 Metaspace       used 6541K, committed 6720K, reserved 1114112K
  class space    used 792K, committed 896K, reserved 1048576K
}
Event: 4.154 GC heap after
{Heap after GC invocations=2 (full 0):
 garbage-first heap   total 131072K, used 8250K [0x0000000081c00000, 0x0000000100000000)
  region size 1024K, 1 young (1024K), 1 survivors (1024K)
 Metaspace       used 6541K, committed 6720K, reserved 1114112K
  class space    used 792K, committed 896K, reserved 1048576K
}

Deoptimization events (20 events):
Event: 4.159 Thread 0x00000291231fb980 Uncommon trap: trap_request=0xffffffde fr.pc=0x00000291325e1f74 relative=0x0000000000000a54
Event: 4.159 Thread 0x00000291231fb980 Uncommon trap: reason=class_check action=maybe_recompile pc=0x00000291325e1f74 method=java.util.HashMap.putVal(ILjava/lang/Object;Ljava/lang/Object;ZZ)Ljava/lang/Object; @ 91 c2
Event: 4.159 Thread 0x00000291231fb980 DEOPT PACKING pc=0x00000291325e1f74 sp=0x000000d09a4fe2b0
Event: 4.159 Thread 0x00000291231fb980 DEOPT UNPACKING pc=0x00000291320423a3 sp=0x000000d09a4fe1d0 mode 2
Event: 4.218 Thread 0x00000291231fb980 Uncommon trap: trap_request=0xffffffc6 fr.pc=0x00000291325e09e0 relative=0x0000000000000500
Event: 4.218 Thread 0x00000291231fb980 Uncommon trap: reason=bimorphic_or_optimized_type_check action=maybe_recompile pc=0x00000291325e09e0 method=java.util.concurrent.ConcurrentHashMap.get(Ljava/lang/Object;)Ljava/lang/Object; @ 149 c2
Event: 4.218 Thread 0x00000291231fb980 DEOPT PACKING pc=0x00000291325e09e0 sp=0x000000d09a4fd050
Event: 4.218 Thread 0x00000291231fb980 DEOPT UNPACKING pc=0x00000291320423a3 sp=0x000000d09a4fcff0 mode 2
Event: 4.218 Thread 0x00000291231fb980 Uncommon trap: trap_request=0xffffffc6 fr.pc=0x00000291325e09e0 relative=0x0000000000000500
Event: 4.218 Thread 0x00000291231fb980 Uncommon trap: reason=bimorphic_or_optimized_type_check action=maybe_recompile pc=0x00000291325e09e0 method=java.util.concurrent.ConcurrentHashMap.get(Ljava/lang/Object;)Ljava/lang/Object; @ 149 c2
Event: 4.218 Thread 0x00000291231fb980 DEOPT PACKING pc=0x00000291325e09e0 sp=0x000000d09a4fd7b0
Event: 4.218 Thread 0x00000291231fb980 DEOPT UNPACKING pc=0x00000291320423a3 sp=0x000000d09a4fd750 mode 2
Event: 4.218 Thread 0x00000291231fb980 Uncommon trap: trap_request=0xffffffc6 fr.pc=0x00000291325e09e0 relative=0x0000000000000500
Event: 4.218 Thread 0x00000291231fb980 Uncommon trap: reason=bimorphic_or_optimized_type_check action=maybe_recompile pc=0x00000291325e09e0 method=java.util.concurrent.ConcurrentHashMap.get(Ljava/lang/Object;)Ljava/lang/Object; @ 149 c2
Event: 4.218 Thread 0x00000291231fb980 DEOPT PACKING pc=0x00000291325e09e0 sp=0x000000d09a4fd730
Event: 4.218 Thread 0x00000291231fb980 DEOPT UNPACKING pc=0x00000291320423a3 sp=0x000000d09a4fd6d0 mode 2
Event: 5.373 Thread 0x00000291231fb980 Uncommon trap: trap_request=0xffffff45 fr.pc=0x00000291325e4768 relative=0x0000000000001508
Event: 5.373 Thread 0x00000291231fb980 Uncommon trap: reason=unstable_if action=reinterpret pc=0x00000291325e4768 method=java.io.WinNTFileSystem.normalize(Ljava/lang/String;II)Ljava/lang/String; @ 87 c2
Event: 5.373 Thread 0x00000291231fb980 DEOPT PACKING pc=0x00000291325e4768 sp=0x000000d09a4feab0
Event: 5.373 Thread 0x00000291231fb980 DEOPT UNPACKING pc=0x00000291320423a3 sp=0x000000d09a4fe9f8 mode 2

Classes unloaded (0 events):
No events

Classes redefined (0 events):
No events

Internal exceptions (20 events):
Event: 4.034 Thread 0x00000291231fb980 Exception <a 'java/lang/NoSuchMethodError'{0x00000000892e9f58}: 'java.lang.Object java.lang.invoke.DirectMethodHandle$Holder.invokeSpecial(java.lang.Object, java.lang.Object, java.lang.Object, java.lang.Object, java.lang.Object, java.lang.Object, java.lang.Object, int)'> (0x00000000892e9f58) 
thrown [s\open\src\hotspot\share\interpreter\linkResolver.cpp, line 759]
Event: 4.162 Thread 0x00000291231fb980 Exception <a 'java/lang/NoSuchMethodError'{0x0000000089b19620}: 'int java.lang.invoke.DirectMethodHandle$Holder.invokeInterface(java.lang.Object, java.lang.Object)'> (0x0000000089b19620) 
thrown [s\open\src\hotspot\share\interpreter\linkResolver.cpp, line 759]
Event: 4.170 Thread 0x00000291231fb980 Exception <a 'java/lang/NoSuchMethodError'{0x0000000089b3ec20}: 'void java.lang.invoke.DirectMethodHandle$Holder.invokeSpecial(java.lang.Object, java.lang.Object, java.lang.Object, java.lang.Object, java.lang.Object)'> (0x0000000089b3ec20) 
thrown [s\open\src\hotspot\share\interpreter\linkResolver.cpp, line 759]
Event: 4.186 Thread 0x00000291231fb980 Exception <a 'java/lang/NoSuchMethodError'{0x0000000089bb2868}: 'int java.lang.invoke.DirectMethodHandle$Holder.invokeVirtual(java.lang.Object, java.lang.Object)'> (0x0000000089bb2868) 
thrown [s\open\src\hotspot\share\interpreter\linkResolver.cpp, line 759]
Event: 4.231 Thread 0x00000291231fb980 Exception <a 'java/lang/NoSuchMethodError'{0x0000000089a50980}: 'java.lang.Object java.lang.invoke.DirectMethodHandle$Holder.invokeSpecial(java.lang.Object, java.lang.Object, java.lang.Object, int, java.lang.Object)'> (0x0000000089a50980) 
thrown [s\open\src\hotspot\share\interpreter\linkResolver.cpp, line 759]
Event: 4.232 Thread 0x00000291231fb980 Exception <a 'java/lang/NoSuchMethodError'{0x0000000089a58fe0}: 'java.lang.Object java.lang.invoke.DirectMethodHandle$Holder.newInvokeSpecial(java.lang.Object, java.lang.Object, java.lang.Object, int, java.lang.Object)'> (0x0000000089a58fe0) 
thrown [s\open\src\hotspot\share\interpreter\linkResolver.cpp, line 759]
Event: 4.233 Thread 0x00000291231fb980 Exception <a 'java/lang/NoSuchMethodError'{0x0000000089a609b0}: 'java.lang.Object java.lang.invoke.Invokers$Holder.linkToTargetMethod(java.lang.Object, java.lang.Object, int, java.lang.Object, java.lang.Object)'> (0x0000000089a609b0) 
thrown [s\open\src\hotspot\share\interpreter\linkResolver.cpp, line 759]
Event: 4.235 Thread 0x00000291231fb980 Exception <a 'java/lang/NoSuchMethodError'{0x0000000089a6f650}: 'java.lang.Object java.lang.invoke.DirectMethodHandle$Holder.newInvokeSpecial(java.lang.Object, int, java.lang.Object)'> (0x0000000089a6f650) 
thrown [s\open\src\hotspot\share\interpreter\linkResolver.cpp, line 759]
Event: 4.236 Thread 0x00000291231fb980 Exception <a 'java/lang/NoSuchMethodError'{0x0000000089a743b8}: 'int java.lang.invoke.DirectMethodHandle$Holder.invokeSpecialIFC(java.lang.Object, java.lang.Object, java.lang.Object, java.lang.Object)'> (0x0000000089a743b8) 
thrown [s\open\src\hotspot\share\interpreter\linkResolver.cpp, line 759]
Event: 4.330 Thread 0x00000291231fb980 Exception <a 'java/lang/NoSuchMethodError'{0x0000000089948940}: 'void java.lang.invoke.DirectMethodHandle$Holder.invokeInterface(java.lang.Object, java.lang.Object, java.lang.Object)'> (0x0000000089948940) 
thrown [s\open\src\hotspot\share\interpreter\linkResolver.cpp, line 759]
Event: 4.381 Thread 0x00000291231fb980 Exception <a 'java/lang/NoSuchMethodError'{0x00000000899cd7e0}: 'void java.lang.invoke.DirectMethodHandle$Holder.invokeStaticInit(java.lang.Object, java.lang.Object, java.lang.Object)'> (0x00000000899cd7e0) 
thrown [s\open\src\hotspot\share\interpreter\linkResolver.cpp, line 759]
Event: 4.396 Thread 0x00000291231fb980 Exception <a 'java/lang/NoSuchMethodError'{0x000000008981b5b0}: 'java.lang.Object java.lang.invoke.DirectMethodHandle$Holder.invokeVirtual(java.lang.Object, java.lang.Object, java.lang.Object)'> (0x000000008981b5b0) 
thrown [s\open\src\hotspot\share\interpreter\linkResolver.cpp, line 759]
Event: 4.462 Thread 0x00000291231fb980 Exception <a 'java/lang/NoSuchMethodError'{0x00000000898c6810}: 'void java.lang.invoke.DirectMethodHandle$Holder.invokeVirtual(java.lang.Object, java.lang.Object, java.lang.Object, java.lang.Object)'> (0x00000000898c6810) 
thrown [s\open\src\hotspot\share\interpreter\linkResolver.cpp, line 759]
Event: 4.521 Thread 0x00000291231fb980 Exception <a 'java/lang/NoSuchMethodError'{0x0000000089778010}: 'java.lang.Object java.lang.invoke.DirectMethodHandle$Holder.invokeSpecial(java.lang.Object, java.lang.Object, long, java.lang.Object, java.lang.Object, java.lang.Object, java.lang.Object, java.lang.Object, java.lang.Object)'> (0x0000000089778010) 
thrown [s\open\src\hotspot\share\interpreter\linkResolver.cpp, line 759]
Event: 4.521 Thread 0x00000291231fb980 Exception <a 'java/lang/NoSuchMethodError'{0x000000008977c890}: 'java.lang.Object java.lang.invoke.DelegatingMethodHandle$Holder.reinvoke_L(java.lang.Object, long, java.lang.Object, java.lang.Object, java.lang.Object, java.lang.Object, java.lang.Object, java.lang.Object)'> (0x000000008977c890) 
thrown [s\open\src\hotspot\share\interpreter\linkResolver.cpp, line 759]
Event: 4.663 Thread 0x00000291231fb980 Exception <a 'java/lang/NoSuchMethodError'{0x0000000089537be8}: 'void java.lang.invoke.DirectMethodHandle$Holder.invokeSpecial(java.lang.Object, java.lang.Object, java.lang.Object)'> (0x0000000089537be8) 
thrown [s\open\src\hotspot\share\interpreter\linkResolver.cpp, line 759]
Event: 4.689 Thread 0x00000291231fb980 Exception <a 'java/lang/NoSuchMethodError'{0x0000000089591480}: 'java.lang.Object java.lang.invoke.DirectMethodHandle$Holder.invokeStatic(java.lang.Object, java.lang.Object, int)'> (0x0000000089591480) 
thrown [s\open\src\hotspot\share\interpreter\linkResolver.cpp, line 759]
Event: 4.697 Thread 0x0000029186cfb200 Exception <a 'java/lang/NoClassDefFoundError'{0x00000000894167b0}: jakarta/validation/Validation> (0x00000000894167b0) 
thrown [s\open\src\hotspot\share\classfile\systemDictionary.cpp, line 245]
Event: 4.697 Thread 0x00000291231fb980 Exception <a 'java/lang/NoSuchMethodError'{0x000000008959cbf0}: 'void java.lang.invoke.DelegatingMethodHandle$Holder.delegate(java.lang.Object, java.lang.Object, int, java.lang.Object)'> (0x000000008959cbf0) 
thrown [s\open\src\hotspot\share\interpreter\linkResolver.cpp, line 759]
Event: 4.760 Thread 0x00000291231fb980 Exception <a 'java/lang/IncompatibleClassChangeError'{0x000000008946d220}: Found class java.lang.Object, but interface was expected> (0x000000008946d220) 
thrown [s\open\src\hotspot\share\interpreter\linkResolver.cpp, line 826]

VM Operations (20 events):
Event: 1.432 Executing VM operation: HandshakeAllThreads
Event: 1.432 Executing VM operation: HandshakeAllThreads done
Event: 1.629 Executing VM operation: HandshakeAllThreads
Event: 1.629 Executing VM operation: HandshakeAllThreads done
Event: 2.632 Executing VM operation: Cleanup
Event: 2.632 Executing VM operation: Cleanup done
Event: 2.968 Executing VM operation: G1CollectForAllocation
Event: 3.012 Executing VM operation: G1CollectForAllocation done
Event: 3.518 Executing VM operation: HandshakeAllThreads
Event: 3.518 Executing VM operation: HandshakeAllThreads done
Event: 4.150 Executing VM operation: G1CollectForAllocation
Event: 4.154 Executing VM operation: G1CollectForAllocation done
Event: 4.657 Executing VM operation: HandshakeAllThreads
Event: 4.657 Executing VM operation: HandshakeAllThreads done
Event: 4.657 Executing VM operation: HandshakeAllThreads
Event: 4.657 Executing VM operation: HandshakeAllThreads done
Event: 4.688 Executing VM operation: HandshakeAllThreads
Event: 4.688 Executing VM operation: HandshakeAllThreads done
Event: 4.712 Executing VM operation: ICBufferFull
Event: 4.714 Executing VM operation: ICBufferFull done

Events (20 events):
Event: 5.261 loading class java/io/InvalidObjectException
Event: 5.261 loading class java/io/InvalidObjectException done
Event: 5.263 loading class java/util/concurrent/ConcurrentLinkedQueue
Event: 5.264 loading class java/lang/Deprecated
Event: 5.292 loading class java/util/concurrent/ConcurrentLinkedQueue done
Event: 5.292 loading class java/util/concurrent/ConcurrentLinkedQueue$Node
Event: 5.297 loading class java/util/concurrent/ConcurrentLinkedQueue$Node done
Event: 5.297 loading class java/lang/Deprecated done
Event: 5.299 loading class java/util/concurrent/atomic/AtomicLongArray
Event: 5.312 loading class java/util/concurrent/Callable
Event: 5.356 loading class java/util/concurrent/atomic/AtomicLongArray done
Event: 5.356 loading class java/util/concurrent/Callable done
Event: 5.357 loading class java/lang/invoke/VarHandleLongs$Array
Event: 5.357 loading class java/lang/invoke/VarHandleLongs$Array done
Event: 5.358 loading class java/util/concurrent/atomic/AtomicReferenceArray
Event: 5.360 loading class java/util/concurrent/atomic/AtomicReferenceArray done
Event: 5.376 loading class java/lang/StackTraceElement$HashedModules
Event: 5.376 loading class java/lang/StackTraceElement$HashedModules done
Event: 5.395 loading class java/time/ZonedDateTime$1
Event: 5.395 loading class java/time/ZonedDateTime$1 done


Dynamic libraries:
0x00007ff624b80000 - 0x00007ff624b90000 	C:\Program Files\Java\jdk-17\bin\java.exe
0x00007ff93c7a0000 - 0x00007ff93c9a9000 	C:\WINDOWS\SYSTEM32\ntdll.dll
0x00007ff93b640000 - 0x00007ff93b6fd000 	C:\WINDOWS\System32\KERNEL32.DLL
0x00007ff939f60000 - 0x00007ff93a2e4000 	C:\WINDOWS\System32\KERNELBASE.dll
0x00007ff939d20000 - 0x00007ff939e31000 	C:\WINDOWS\System32\ucrtbase.dll
0x00007ff92a630000 - 0x00007ff92a64b000 	C:\Program Files\Java\jdk-17\bin\VCRUNTIME140.dll
0x00007ff92a610000 - 0x00007ff92a629000 	C:\Program Files\Java\jdk-17\bin\jli.dll
0x00007ff93bca0000 - 0x00007ff93bd4e000 	C:\WINDOWS\System32\ADVAPI32.dll
0x00007ff93beb0000 - 0x00007ff93bf53000 	C:\WINDOWS\System32\msvcrt.dll
0x00007ff93bd50000 - 0x00007ff93bdee000 	C:\WINDOWS\System32\sechost.dll
0x00007ff93ab80000 - 0x00007ff93aca1000 	C:\WINDOWS\System32\RPCRT4.dll
0x00007ff93b490000 - 0x00007ff93b63d000 	C:\WINDOWS\System32\USER32.dll
0x00007ff939c30000 - 0x00007ff939c56000 	C:\WINDOWS\System32\win32u.dll
0x00007ff93a660000 - 0x00007ff93a68a000 	C:\WINDOWS\System32\GDI32.dll
0x00007ff939e40000 - 0x00007ff939f5e000 	C:\WINDOWS\System32\gdi32full.dll
0x00007ff93a460000 - 0x00007ff93a4fd000 	C:\WINDOWS\System32\msvcp_win.dll
0x00007ff925750000 - 0x00007ff9259f5000 	C:\WINDOWS\WinSxS\amd64_microsoft.windows.common-controls_6595b64144ccf1df_6.0.22000.120_none_9d947278b86cc467\COMCTL32.dll
0x00007ff937aa0000 - 0x00007ff937aaa000 	C:\WINDOWS\SYSTEM32\VERSION.dll
0x00007ff93bdf0000 - 0x00007ff93be21000 	C:\WINDOWS\System32\IMM32.DLL
0x00007ff934e90000 - 0x00007ff934e9c000 	C:\Program Files\Java\jdk-17\bin\vcruntime140_1.dll
0x00007ff911520000 - 0x00007ff9115ae000 	C:\Program Files\Java\jdk-17\bin\msvcp140.dll
0x00007ff8ba310000 - 0x00007ff8baef0000 	C:\Program Files\Java\jdk-17\bin\server\jvm.dll
0x00007ff93a7a0000 - 0x00007ff93a7a8000 	C:\WINDOWS\System32\PSAPI.DLL
0x00007ff91b650000 - 0x00007ff91b659000 	C:\WINDOWS\SYSTEM32\WSOCK32.dll
0x00007ff93a5f0000 - 0x00007ff93a65f000 	C:\WINDOWS\System32\WS2_32.dll
0x00007ff933580000 - 0x00007ff9335b3000 	C:\WINDOWS\SYSTEM32\WINMM.dll
0x00007ff938c60000 - 0x00007ff938c78000 	C:\WINDOWS\SYSTEM32\kernel.appcore.dll
0x00007ff92b140000 - 0x00007ff92b14a000 	C:\Program Files\Java\jdk-17\bin\jimage.dll
0x00007ff922170000 - 0x00007ff922391000 	C:\WINDOWS\SYSTEM32\DBGHELP.DLL
0x00007ff9192a0000 - 0x00007ff9192d1000 	C:\WINDOWS\SYSTEM32\dbgcore.DLL
0x00007ff93a500000 - 0x00007ff93a57f000 	C:\WINDOWS\System32\bcryptPrimitives.dll
0x00007ff9342a0000 - 0x00007ff9342ae000 	C:\Program Files\Java\jdk-17\bin\instrument.dll
0x00007ff92a5a0000 - 0x00007ff92a5c5000 	C:\Program Files\Java\jdk-17\bin\java.dll
0x00007ff8ef4c0000 - 0x00007ff8ef597000 	C:\Program Files\Java\jdk-17\bin\jsvml.dll
0x00007ff93acb0000 - 0x00007ff93b475000 	C:\WINDOWS\System32\SHELL32.dll
0x00007ff937cc0000 - 0x00007ff938522000 	C:\WINDOWS\SYSTEM32\windows.storage.dll
0x00007ff93c2d0000 - 0x00007ff93c646000 	C:\WINDOWS\System32\combase.dll
0x00007ff937b50000 - 0x00007ff937cb7000 	C:\WINDOWS\SYSTEM32\wintypes.dll
0x00007ff93bb90000 - 0x00007ff93bc7a000 	C:\WINDOWS\System32\SHCORE.dll
0x00007ff93c100000 - 0x00007ff93c15d000 	C:\WINDOWS\System32\shlwapi.dll
0x00007ff939b60000 - 0x00007ff939b85000 	C:\WINDOWS\SYSTEM32\profapi.dll
0x00007ff9296e0000 - 0x00007ff9296f8000 	C:\Program Files\Java\jdk-17\bin\zip.dll
0x00007ff929630000 - 0x00007ff929649000 	C:\Program Files\Java\jdk-17\bin\net.dll
0x00007ff937880000 - 0x00007ff937994000 	C:\WINDOWS\SYSTEM32\WINHTTP.dll
0x00007ff939100000 - 0x00007ff939167000 	C:\WINDOWS\system32\mswsock.dll
0x00007ff929480000 - 0x00007ff929496000 	C:\Program Files\Java\jdk-17\bin\nio.dll

dbghelp: loaded successfully - version: 4.0.5 - missing functions: none
symbol engine: initialized successfully - sym options: 0x614 - pdb path: .;C:\Program Files\Java\jdk-17\bin;C:\WINDOWS\SYSTEM32;C:\WINDOWS\WinSxS\amd64_microsoft.windows.common-controls_6595b64144ccf1df_6.0.22000.120_none_9d947278b86cc467;C:\Program Files\Java\jdk-17\bin\server

VM Arguments:
jvm_args: -javaagent:C:\Program Files\JetBrains\IntelliJ IDEA Community Edition 2024.3.5\lib\idea_rt.jar=63553 -Dfile.encoding=UTF-8 
java_command: com.G_des_badges.demande_des_badges.DemandeDesBadgesApplication
java_class_path (initial): C:\Users\hanan\OneDrive\Desktop\demande-des-badges\target\classes;C:\Users\hanan\.m2\repository\org\springframework\boot\spring-boot-starter-data-jpa\3.4.5\spring-boot-starter-data-jpa-3.4.5.jar;C:\Users\hanan\.m2\repository\org\springframework\boot\spring-boot-starter\3.4.5\spring-boot-starter-3.4.5.jar;C:\Users\hanan\.m2\repository\org\springframework\boot\spring-boot\3.4.5\spring-boot-3.4.5.jar;C:\Users\hanan\.m2\repository\org\springframework\boot\spring-boot-autoconfigure\3.4.5\spring-boot-autoconfigure-3.4.5.jar;C:\Users\hanan\.m2\repository\org\springframework\boot\spring-boot-starter-logging\3.4.5\spring-boot-starter-logging-3.4.5.jar;C:\Users\hanan\.m2\repository\ch\qos\logback\logback-classic\1.5.18\logback-classic-1.5.18.jar;C:\Users\hanan\.m2\repository\ch\qos\logback\logback-core\1.5.18\logback-core-1.5.18.jar;C:\Users\hanan\.m2\repository\org\apache\logging\log4j\log4j-to-slf4j\2.24.3\log4j-to-slf4j-2.24.3.jar;C:\Users\hanan\.m2\repository\org\apache\logging\log4j\log4j-api\2.24.3\log4j-api-2.24.3.jar;C:\Users\hanan\.m2\repository\org\slf4j\jul-to-slf4j\2.0.17\jul-to-slf4j-2.0.17.jar;C:\Users\hanan\.m2\repository\jakarta\annotation\jakarta.annotation-api\2.1.1\jakarta.annotation-api-2.1.1.jar;C:\Users\hanan\.m2\repository\org\yaml\snakeyaml\2.3\snakeyaml-2.3.jar;C:\Users\hanan\.m2\repository\org\springframework\boot\spring-boot-starter-jdbc\3.4.5\spring-boot-starter-jdbc-3.4.5.jar;C:\Users\hanan\.m2\repository\com\zaxxer\HikariCP\5.1.0\HikariCP-5.1.0.jar;C:\Users\hanan\.m2\repository\org\springframework\spring-jdbc\6.2.6\spring-jdbc-6.2.6.jar;C:\Users\hanan\.m2\repository\org\hibernate\orm\hibernate-core\6.6.13.Final\hibernate-core-6.6.13.Final.jar;C:\Users\hanan\.m2\repository\jakarta\persistence\jakarta.persistence-api\3.1.0\jakarta.persistence-api-3.1.0.jar;C:\Users\hanan\.m2\repository\jakarta\transaction\jakarta.transaction-api\2.0.1\jakarta.transaction-api-2.0.1.jar;C:\Users\hanan\.m2\repository\org\jboss\logging\jbos
Launcher Type: SUN_STANDARD

[Global flags]
     intx CICompilerCount                          = 3                                         {product} {ergonomic}
     uint ConcGCThreads                            = 1                                         {product} {ergonomic}
     uint G1ConcRefinementThreads                  = 4                                         {product} {ergonomic}
   size_t G1HeapRegionSize                         = 1048576                                   {product} {ergonomic}
    uintx GCDrainStackTargetSize                   = 64                                        {product} {ergonomic}
   size_t InitialHeapSize                          = 134217728                                 {product} {ergonomic}
   size_t MarkStackSize                            = 4194304                                   {product} {ergonomic}
   size_t MaxHeapSize                              = 2118123520                                {product} {ergonomic}
   size_t MaxNewSize                               = 1270874112                                {product} {ergonomic}
   size_t MinHeapDeltaBytes                        = 1048576                                   {product} {ergonomic}
   size_t MinHeapSize                              = 8388608                                   {product} {ergonomic}
    uintx NonNMethodCodeHeapSize                   = 5832780                                {pd product} {ergonomic}
    uintx NonProfiledCodeHeapSize                  = 122912730                              {pd product} {ergonomic}
    uintx ProfiledCodeHeapSize                     = 122912730                              {pd product} {ergonomic}
    uintx ReservedCodeCacheSize                    = 251658240                              {pd product} {ergonomic}
     bool SegmentedCodeCache                       = true                                      {product} {ergonomic}
   size_t SoftMaxHeapSize                          = 2118123520                             {manageable} {ergonomic}
     bool UseCompressedClassPointers               = true                           {product lp64_product} {ergonomic}
     bool UseCompressedOops                        = true                           {product lp64_product} {ergonomic}
     bool UseG1GC                                  = true                                      {product} {ergonomic}
     bool UseLargePagesIndividualAllocation        = false                                  {pd product} {ergonomic}

Logging:
Log output configuration:
 #0: stdout all=warning uptime,level,tags
 #1: stderr all=off uptime,level,tags

Environment Variables:
JAVA_HOME=C:\Program Files\Java\jdk-17
PATH=C:\Program Files\Common Files\Oracle\Java\javapath;C:\Program Files (x86)\VMware\VMware Workstation\bin\;C:\Users\hanan\Downloads\WINDOWS.X64_193000_db_home\bin;C:\WINDOWS\system32;C:\WINDOWS;C:\WINDOWS\System32\Wbem;C:\WINDOWS\System32\WindowsPowerShell\v1.0\;C:\WINDOWS\System32\OpenSSH\;C:\Program Files\Git\cmd;C:\Program Files\nodejs\;C:\Program Files\PuTTY\;C:\Program Files\Docker\Docker\resources\bin;C:\Program Files\PostgreSQL\17\bin;C:\Program Files\Apache\Maven\apache-maven-3.9.9\bin;C:\Program Files\Java\jdk-17\bin;C:\Users\hanan\AppData\Local\Microsoft\WindowsApps;C:\Users\hanan\AppData\Local\Programs\Microsoft VS Code\bin;C:\Users\hanan\AppData\Roaming\npm;C:\Program Files\JetBrains\IntelliJ IDEA Community Edition 2024.3.5\bin;
USERNAME=hanan
OS=Windows_NT
PROCESSOR_IDENTIFIER=Intel64 Family 6 Model 142 Stepping 9, GenuineIntel



---------------  S Y S T E M  ---------------

OS:
 Windows 11 , 64 bit Build 22000 (10.0.22000.2538)
OS uptime: 6 days 7:33 hours
Hyper-V role detected

CPU: total 4 (initial active 4) (2 cores per cpu, 2 threads per core) family 6 model 142 stepping 9 microcode 0xf0, cx8, cmov, fxsr, ht, mmx, 3dnowpref, sse, sse2, sse3, ssse3, sse4.1, sse4.2, popcnt, lzcnt, tsc, tscinvbit, avx, avx2, aes, erms, clmul, bmi1, bmi2, rtm, adx, fma, vzeroupper, clflush, clflushopt, hv

Memory: 4k page, system-wide physical 8072M (399M free)
TotalPageFile size 32648M (AvailPageFile size 4M)
current process WorkingSet (physical memory assigned to process): 94M, peak: 94M
current process commit charge ("private bytes"): 234M, peak: 236M

vm_info: Java HotSpot(TM) 64-Bit Server VM (17.0.12+8-LTS-286) for windows-amd64 JRE (17.0.12+8-LTS-286), built on Jun  5 2024 06:46:59 by "mach5one" with MS VC++ 17.6 (VS2022)

END.
